[PREINITIALIZATION][CLIENT][INFO] Current loaders after merging: [[preinit]]
[PREINITIALIZATION][CLIENT][INFO] Loading scripts for loader with names [preinit]
[PREINITIALIZATION][CLIENT][INFO] [preinit | SIDE_CLIENT]: Skipping file {[0:crafttweaker]: AE2.zs} as we are currently loading with a different loader
[PREINITIALIZATION][CLIENT][INFO] [preinit | SIDE_CLIENT]: Skipping file {[0:contenttweaker]: contenttweaker\custom_blocks.zs} as we are currently loading with a different loader
[PREINITIALIZATION][CLIENT][INFO] [preinit | SIDE_CLIENT]: Skipping file {[0:contenttweaker]: contenttweaker\custom_items.zs} as we are currently loading with a different loader
[PREINITIALIZATION][CLIENT][INFO] [preinit | SIDE_CLIENT]: Skipping file {[0:contenttweaker]: contenttweaker\custom_liquids.zs} as we are currently loading with a different loader
[PREINITIALIZATION][CLIENT][INFO] [preinit | SIDE_CLIENT]: Skipping file {[0:crafttweaker]: recipes.zs} as we are currently loading with a different loader
[PREINITIALIZATION][CLIENT][INFO] Completed script loading in: 1ms
[PREINITIALIZATION][CLIENT][INFO] Current loaders after merging: [[preinit], [contenttweaker]]
[PREINITIALIZATION][CLIENT][INFO] Loading scripts for loader with names [contenttweaker]
[PREINITIALIZATION][CLIENT][INFO] [contenttweaker | SIDE_CLIENT]: Skipping file {[0:crafttweaker]: AE2.zs} as we are currently loading with a different loader
[PREINITIALIZATION][CLIENT][INFO] [contenttweaker | SIDE_CLIENT]: Loading Script: {[0:contenttweaker]: contenttweaker\custom_blocks.zs}
[PREINITIALIZATION][CLIENT][INFO] [contenttweaker | SIDE_CLIENT]: Loading Script: {[0:contenttweaker]: contenttweaker\custom_items.zs}
[PREINITIALIZATION][CLIENT][INFO] [contenttweaker | SIDE_CLIENT]: Loading Script: {[0:contenttweaker]: contenttweaker\custom_liquids.zs}
[PREINITIALIZATION][CLIENT][INFO] [contenttweaker | SIDE_CLIENT]: Skipping file {[0:crafttweaker]: recipes.zs} as we are currently loading with a different loader
[PREINITIALIZATION][CLIENT][INFO] Completed script loading in: 265ms
[INITIALIZATION][CLIENT][INFO] CraftTweaker: Building registry
[INITIALIZATION][CLIENT][INFO] CraftTweaker: Successfully built item registry
[INITIALIZATION][CLIENT][INFO] Current loaders after merging: [[preinit], [contenttweaker], [recipeevent | crafttweaker]]
[INITIALIZATION][CLIENT][INFO] Loading scripts for loader with names [crafttweaker | recipeevent]
[INITIALIZATION][CLIENT][INFO] [crafttweaker | SIDE_CLIENT]: Loading Script: {[0:crafttweaker]: AE2.zs}
[INITIALIZATION][CLIENT][INFO] [crafttweaker | SIDE_CLIENT]: Skipping file {[0:contenttweaker]: contenttweaker\custom_blocks.zs} as we are currently loading with a different loader
[INITIALIZATION][CLIENT][INFO] [crafttweaker | SIDE_CLIENT]: Skipping file {[0:contenttweaker]: contenttweaker\custom_items.zs} as we are currently loading with a different loader
[INITIALIZATION][CLIENT][INFO] [crafttweaker | SIDE_CLIENT]: Skipping file {[0:contenttweaker]: contenttweaker\custom_liquids.zs} as we are currently loading with a different loader
[INITIALIZATION][CLIENT][INFO] [crafttweaker | SIDE_CLIENT]: Loading Script: {[0:crafttweaker]: recipes.zs}
[INITIALIZATION][CLIENT][INFO] Completed script loading in: 50ms
[POSTINITIALIZATION][CLIENT][INFO] Removing recipes for various outputs
[POSTINITIALIZATION][CLIENT][INFO] Removing Shaped recipes for <appliedenergistics2:controller>
[POSTINITIALIZATION][CLIENT][INFO] 1 removed
[POSTINITIALIZATION][CLIENT][INFO] Adding shaped recipe for Steel Casing with name ct_shaped-1981138445
[POSTINITIALIZATION][CLIENT][INFO] Applying MrCrayfish's Furniture Mod changes...
[AVAILABLE][CLIENT][INFO] Fixed the RecipeBook
