[07:15:23] [main/INFO]: Loading tweak class name net.minecraftforge.fml.common.launcher.FMLTweaker
[07:15:23] [main/INFO]: Using primary tweak class name net.minecraftforge.fml.common.launcher.FMLTweaker
[07:15:23] [main/INFO]: Calling tweak class net.minecraftforge.fml.common.launcher.FMLTweaker
[07:15:23] [main/INFO]: Forge Mod Loader version 14.23.5.2855 for Minecraft 1.12.2 loading
[07:15:23] [main/INFO]: Java is Java HotSpot(TM) 64-Bit Server VM, version 1.8.0_51, running on Windows 10:amd64:10.0, installed at D:\Users\dylan\AppData\Install\runtime\jre-legacy\windows-x64\jre-legacy
[07:15:23] [main/INFO]: Searching D:\Users\dylan\AppData\Instances\Kappar\mods for mods
[07:15:23] [main/INFO]: Searching D:\Users\dylan\AppData\Instances\Kappar\mods\1.12.2 for mods
[07:15:23] [main/WARN]: Found FMLCorePluginContainsFMLMod marker in AdvancedRocketry-1.12.2-1.7.0-232-universal.jar. This is not recommended, @Mods should be in a separate jar from the coremod.
[07:15:23] [main/WARN]: The coremod AdvancedRocketryPlugin (zmaster587.advancedRocketry.asm.AdvancedRocketryPlugin) is not signed!
[07:15:23] [main/WARN]: Found FMLCorePluginContainsFMLMod marker in Apotheosis-1.12.2-1.12.5.jar. This is not recommended, @Mods should be in a separate jar from the coremod.
[07:15:24] [main/WARN]: The coremod ApotheosisCore (shadows.ApotheosisCore) is not signed!
[07:15:24] [main/WARN]: Found FMLCorePluginContainsFMLMod marker in AppleCore-mc1.12.2-3.4.0.jar. This is not recommended, @Mods should be in a separate jar from the coremod.
[07:15:24] [main/WARN]: The coremod AppleCore (squeek.applecore.AppleCore) is not signed!
[07:15:24] [main/WARN]: Found FMLCorePluginContainsFMLMod marker in astralsorcery-1.12.2-1.10.27.jar. This is not recommended, @Mods should be in a separate jar from the coremod.
[07:15:24] [main/WARN]: The coremod hellfirepvp.astralsorcery.core.AstralCore does not have a MCVersion annotation, it may cause issues with this version of Minecraft
[07:15:24] [main/INFO]: [AstralCore] Initialized.
[07:15:24] [main/INFO]: Loading tweaker guichaguri.betterfps.tweaker.BetterFpsTweaker from BetterFps-1.4.8.jar
[07:15:24] [main/INFO]: Loading tweaker codechicken.asm.internal.Tweaker from ChickenASM-1.12-1.0.2.7.jar
[07:15:24] [main/WARN]: Found FMLCorePluginContainsFMLMod marker in CTM-MC1.12.2-1.0.2.31.jar. This is not recommended, @Mods should be in a separate jar from the coremod.
[07:15:24] [main/WARN]: The coremod team.chisel.ctm.client.asm.CTMCorePlugin does not have a MCVersion annotation, it may cause issues with this version of Minecraft
[07:15:24] [main/WARN]: The coremod CTMCorePlugin (team.chisel.ctm.client.asm.CTMCorePlugin) is not signed!
[07:15:24] [main/WARN]: Found FMLCorePluginContainsFMLMod marker in foamfix-0.10.14-1.12.2.jar. This is not recommended, @Mods should be in a separate jar from the coremod.
[07:15:24] [main/WARN]: The coremod pl.asie.foamfix.coremod.FoamFixCore does not have a MCVersion annotation, it may cause issues with this version of Minecraft
[07:15:24] [main/WARN]: Found FMLCorePluginContainsFMLMod marker in Forgelin-1.8.4.jar. This is not recommended, @Mods should be in a separate jar from the coremod.
[07:15:24] [main/WARN]: The coremod net.shadowfacts.forgelin.preloader.ForgelinPlugin does not have a MCVersion annotation, it may cause issues with this version of Minecraft
[07:15:24] [main/WARN]: The coremod ForgelinPlugin (net.shadowfacts.forgelin.preloader.ForgelinPlugin) is not signed!
[07:15:24] [main/WARN]: Found FMLCorePluginContainsFMLMod marker in iceandfire-1.9.1-1.12.2.jar. This is not recommended, @Mods should be in a separate jar from the coremod.
[07:15:24] [main/WARN]: The coremod iceandfire (com.github.alexthe666.iceandfire.asm.IceAndFirePlugin) is not signed!
[07:15:24] [main/WARN]: Found FMLCorePluginContainsFMLMod marker in InventoryTweaks-1.63.jar. This is not recommended, @Mods should be in a separate jar from the coremod.
[07:15:24] [main/WARN]: The coremod invtweaks.forge.asm.FMLPlugin does not have a MCVersion annotation, it may cause issues with this version of Minecraft
[07:15:24] [main/WARN]: Found FMLCorePluginContainsFMLMod marker in librarianlib-1.12.2-4.22.jar. This is not recommended, @Mods should be in a separate jar from the coremod.
[07:15:24] [main/WARN]: The coremod com.teamwizardry.librarianlib.asm.LibLibCorePlugin does not have a MCVersion annotation, it may cause issues with this version of Minecraft
[07:15:24] [main/WARN]: The coremod LibrarianLib Plugin (com.teamwizardry.librarianlib.asm.LibLibCorePlugin) is not signed!
[07:15:24] [main/INFO]: Loading tweaker org.spongepowered.asm.launch.MixinTweaker from malisiscore-1.12.2-6.5.1.jar
[07:15:24] [main/WARN]: Found FMLCorePluginContainsFMLMod marker in Mekanism-1.12.2-9.8.3.390.jar. This is not recommended, @Mods should be in a separate jar from the coremod.
[07:15:24] [main/WARN]: The coremod mekanism.coremod.MekanismCoremod does not have a MCVersion annotation, it may cause issues with this version of Minecraft
[07:15:24] [main/WARN]: The coremod MekanismCoremod (mekanism.coremod.MekanismCoremod) is not signed!
[07:15:24] [main/INFO]: Loading tweaker org.spongepowered.asm.launch.MixinTweaker from MixinBootstrap-1.0.5.jar
[07:15:24] [main/WARN]: Found FMLCorePluginContainsFMLMod marker in NotEnoughIDs-1.5.4.4.jar. This is not recommended, @Mods should be in a separate jar from the coremod.
[07:15:24] [main/WARN]: The coremod ru.fewizz.neid.asm.Plugin does not have a MCVersion annotation, it may cause issues with this version of Minecraft
[07:15:24] [main/WARN]: The coremod Plugin (ru.fewizz.neid.asm.Plugin) is not signed!
[07:15:24] [main/INFO]: Loading tweaker org.spongepowered.asm.launch.MixinTweaker from performant-1.12.2-1.10.jar
[07:15:24] [main/WARN]: Found FMLCorePluginContainsFMLMod marker in Quark-r1.6-179.jar. This is not recommended, @Mods should be in a separate jar from the coremod.
[07:15:24] [main/WARN]: The coremod Quark Plugin (vazkii.quark.base.asm.LoadingPlugin) is not signed!
[07:15:24] [main/WARN]: Found FMLCorePluginContainsFMLMod marker in RandomThings-MC1.12.2-4.2.7.4.jar. This is not recommended, @Mods should be in a separate jar from the coremod.
[07:15:24] [main/WARN]: The coremod lumien.randomthings.asm.LoadingPlugin does not have a MCVersion annotation, it may cause issues with this version of Minecraft
[07:15:24] [main/WARN]: The coremod blusunrize.immersiveengineering.common.asm.IELoadingPlugin does not have a MCVersion annotation, it may cause issues with this version of Minecraft
[07:15:24] [main/WARN]: The coremod IELoadingPlugin (blusunrize.immersiveengineering.common.asm.IELoadingPlugin) is not signed!
[07:15:24] [main/INFO]: Loading tweak class name net.minecraftforge.fml.common.launcher.FMLInjectionAndSortingTweaker
[07:15:24] [main/INFO]: Loading tweak class name guichaguri.betterfps.tweaker.BetterFpsTweaker
[07:15:24] [main/INFO]: Loading tweak class name codechicken.asm.internal.Tweaker
[07:15:24] [main/INFO]: Loading tweak class name org.spongepowered.asm.launch.MixinTweaker
[07:15:24] [main/INFO]: [java.lang.ThreadGroup:uncaughtException:1052]: java.util.ServiceConfigurationError: org.spongepowered.asm.service.IMixinServiceBootstrap: Provider org.spongepowered.asm.service.modlauncher.MixinServiceModLauncherBootstrap could not be instantiated
[07:15:24] [main/INFO]: [java.lang.ThreadGroup:uncaughtException:1052]: 	at java.util.ServiceLoader.fail(ServiceLoader.java:232)
[07:15:24] [main/INFO]: [java.lang.ThreadGroup:uncaughtException:1052]: 	at java.util.ServiceLoader.access$100(ServiceLoader.java:185)
[07:15:24] [main/INFO]: [java.lang.ThreadGroup:uncaughtException:1052]: 	at java.util.ServiceLoader$LazyIterator.nextService(ServiceLoader.java:384)
[07:15:24] [main/INFO]: [java.lang.ThreadGroup:uncaughtException:1052]: 	at java.util.ServiceLoader$LazyIterator.access$700(ServiceLoader.java:323)
[07:15:24] [main/INFO]: [java.lang.ThreadGroup:uncaughtException:1052]: 	at java.util.ServiceLoader$LazyIterator$2.run(ServiceLoader.java:407)
[07:15:24] [main/INFO]: [java.lang.ThreadGroup:uncaughtException:1052]: 	at java.security.AccessController.doPrivileged(Native Method)
[07:15:24] [main/INFO]: [java.lang.ThreadGroup:uncaughtException:1052]: 	at java.util.ServiceLoader$LazyIterator.next(ServiceLoader.java:409)
[07:15:24] [main/INFO]: [java.lang.ThreadGroup:uncaughtException:1052]: 	at java.util.ServiceLoader$1.next(ServiceLoader.java:480)
[07:15:24] [main/INFO]: [java.lang.ThreadGroup:uncaughtException:1052]: 	at org.spongepowered.asm.service.MixinService.runBootServices(MixinService.java:77)
[07:15:24] [main/INFO]: [java.lang.ThreadGroup:uncaughtException:1052]: 	at org.spongepowered.asm.service.MixinService.<init>(MixinService.java:72)
[07:15:24] [main/INFO]: [java.lang.ThreadGroup:uncaughtException:1052]: 	at org.spongepowered.asm.service.MixinService.getInstance(MixinService.java:92)
[07:15:24] [main/INFO]: [java.lang.ThreadGroup:uncaughtException:1052]: 	at org.spongepowered.asm.service.MixinService.boot(MixinService.java:102)
[07:15:24] [main/INFO]: [java.lang.ThreadGroup:uncaughtException:1052]: 	at org.spongepowered.asm.launch.MixinBootstrap.<clinit>(MixinBootstrap.java:76)
[07:15:24] [main/INFO]: [java.lang.ThreadGroup:uncaughtException:1052]: 	at org.spongepowered.asm.launch.MixinTweaker.<init>(MixinTweaker.java:44)
[07:15:24] [main/INFO]: [java.lang.ThreadGroup:uncaughtException:1052]: 	at sun.reflect.NativeConstructorAccessorImpl.newInstance0(Native Method)
[07:15:24] [main/INFO]: [java.lang.ThreadGroup:uncaughtException:1052]: 	at sun.reflect.NativeConstructorAccessorImpl.newInstance(NativeConstructorAccessorImpl.java:62)
[07:15:24] [main/INFO]: [java.lang.ThreadGroup:uncaughtException:1052]: 	at sun.reflect.DelegatingConstructorAccessorImpl.newInstance(DelegatingConstructorAccessorImpl.java:45)
[07:15:24] [main/INFO]: [java.lang.ThreadGroup:uncaughtException:1052]: 	at java.lang.reflect.Constructor.newInstance(Constructor.java:422)
[07:15:24] [main/INFO]: [java.lang.ThreadGroup:uncaughtException:1052]: 	at java.lang.Class.newInstance(Class.java:442)
[07:15:24] [main/INFO]: [java.lang.ThreadGroup:uncaughtException:1052]: 	at net.minecraft.launchwrapper.Launch.launch(Launch.java:98)
[07:15:24] [main/INFO]: [java.lang.ThreadGroup:uncaughtException:1052]: 	at net.minecraft.launchwrapper.Launch.main(Launch.java:28)
[07:15:24] [main/INFO]: [java.lang.ThreadGroup:uncaughtException:1061]: Caused by: java.lang.SecurityException: class "org.spongepowered.asm.service.ServiceInitialisationException"'s signer information does not match signer information of other classes in the same package
[07:15:24] [main/INFO]: [java.lang.ThreadGroup:uncaughtException:1061]: 	at java.lang.ClassLoader.checkCerts(ClassLoader.java:895)
[07:15:24] [main/INFO]: [java.lang.ThreadGroup:uncaughtException:1061]: 	at java.lang.ClassLoader.preDefineClass(ClassLoader.java:665)
[07:15:24] [main/INFO]: [java.lang.ThreadGroup:uncaughtException:1061]: 	at java.lang.ClassLoader.defineClass(ClassLoader.java:758)
[07:15:24] [main/INFO]: [java.lang.ThreadGroup:uncaughtException:1061]: 	at java.security.SecureClassLoader.defineClass(SecureClassLoader.java:142)
[07:15:24] [main/INFO]: [java.lang.ThreadGroup:uncaughtException:1061]: 	at java.net.URLClassLoader.defineClass(URLClassLoader.java:467)
[07:15:24] [main/INFO]: [java.lang.ThreadGroup:uncaughtException:1061]: 	at java.net.URLClassLoader.access$100(URLClassLoader.java:73)
[07:15:24] [main/INFO]: [java.lang.ThreadGroup:uncaughtException:1061]: 	at java.net.URLClassLoader$1.run(URLClassLoader.java:368)
[07:15:24] [main/INFO]: [java.lang.ThreadGroup:uncaughtException:1061]: 	at java.net.URLClassLoader$1.run(URLClassLoader.java:362)
[07:15:24] [main/INFO]: [java.lang.ThreadGroup:uncaughtException:1061]: 	at java.security.AccessController.doPrivileged(Native Method)
[07:15:24] [main/INFO]: [java.lang.ThreadGroup:uncaughtException:1061]: 	at java.net.URLClassLoader.findClass(URLClassLoader.java:361)
[07:15:24] [main/INFO]: [java.lang.ThreadGroup:uncaughtException:1061]: 	at java.lang.ClassLoader.loadClass(ClassLoader.java:424)
[07:15:24] [main/INFO]: [java.lang.ThreadGroup:uncaughtException:1061]: 	at sun.misc.Launcher$AppClassLoader.loadClass(Launcher.java:331)
[07:15:24] [main/INFO]: [java.lang.ThreadGroup:uncaughtException:1061]: 	at java.lang.ClassLoader.loadClass(ClassLoader.java:357)
[07:15:24] [main/INFO]: [java.lang.ThreadGroup:uncaughtException:1061]: 	at java.lang.Class.getDeclaredConstructors0(Native Method)
[07:15:24] [main/INFO]: [java.lang.ThreadGroup:uncaughtException:1061]: 	at java.lang.Class.privateGetDeclaredConstructors(Class.java:2671)
[07:15:24] [main/INFO]: [java.lang.ThreadGroup:uncaughtException:1061]: 	at java.lang.Class.getConstructor0(Class.java:3075)
[07:15:24] [main/INFO]: [java.lang.ThreadGroup:uncaughtException:1061]: 	at java.lang.Class.newInstance(Class.java:412)
[07:15:24] [main/INFO]: [java.lang.ThreadGroup:uncaughtException:1061]: 	at java.util.ServiceLoader$LazyIterator.nextService(ServiceLoader.java:380)
[07:15:24] [main/INFO]: [java.lang.ThreadGroup:uncaughtException:1061]: 	... 18 more
